#
# A fatal error has been detected by the Java Runtime Environment:
#
#  SIGSEGV (0xb) at pc=0x0000000110a3ef2b, pid=16954, tid=0x0000000000009e03
#
# JRE version: OpenJDK Runtime Environment (8.0_212-b04) (build 1.8.0_212-b04)
# Java VM: OpenJDK 64-Bit Server VM (25.212-b04 mixed mode bsd-amd64 compressed oops)
# Problematic frame:
# V  [libjvm.dylib+0x23ef2b]  Exceptions::_throw(Thread*, char const*, int, Handle, char const*)+0x7d
#
# Failed to write core dump. Core dumps have been disabled. To enable core dumping, try "ulimit -c unlimited" before starting Java again
#
# If you would like to submit a bug report, please visit:
#   http://bugreport.java.com/bugreport/crash.jsp
#

---------------  T H R E A D  ---------------

Current thread (0x00007fb8e581a800):  JavaThread "Test worker" [_thread_in_vm, id=40451, stack(0x000070000f1c9000,0x000070000f2c9000)]

siginfo: si_signo: 11 (SIGSEGV), si_code: 1 (SEGV_MAPERR), si_addr: 0x0000000000000000

Registers:
RAX=0x0000000111095ca4, RBX=0x0000000000000000, RCX=0x0000000000000000, RDX=0x00000000000002c6
RSP=0x000070000f2c55b0, RBP=0x000070000f2c5610, RSI=0x0000000110dcec41, RDI=0x00007fb8e581a800
R8 =0x0000000000000000, R9 =0xffffffff00000000, R10=0x0000000110de8d5c, R11=0x000000011c4f57a0
R12=0x0000000110dcec41, R13=0x00007fb8e581a800, R14=0x0000000000000000, R15=0x00000000000002c6
RIP=0x0000000110a3ef2b, EFLAGS=0x0000000000010202, ERR=0x0000000000000004
  TRAPNO=0x000000000000000e

Top of Stack: (sp=0x000070000f2c55b0)
0x000070000f2c55b0:   000070000f2c5610 0000000000000000
0x000070000f2c55c0:   00007fb8e51188d0 00007fb8e2f2f1d0
0x000070000f2c55d0:   00007fb8e2f2f1e0 00007fb8e2f2f5b8
0x000070000f2c55e0:   00000000000003d8 0000000000000000
0x000070000f2c55f0:   0000000000000000 00000001130920e8
0x000070000f2c5600:   00007fb8e581a9e0 00007fb8e581a800
0x000070000f2c5610:   000070000f2c5670 0000000110aec571
0x000070000f2c5620:   fffffffffffffff9 00007fb8e581a800
0x000070000f2c5630:   00007fb8e5118a78 00007fb8000001c6
0x000070000f2c5640:   0000000110de8d5c 00007fb8e581a800
0x000070000f2c5650:   00007fb8e581a800 00000001130920e8
0x000070000f2c5660:   000070000f2c5f70 00007fb8e581a800
0x000070000f2c5670:   000070000f2c56a0 00000001134e0bcf
0x000070000f2c5680:   000070000f2c55a0 0000000110aec4f6
0x000070000f2c5690:   0000000000000000 00007fb8e581a9e0
0x000070000f2c56a0:   000070000f2c5b70 00000001134f3536
0x000070000f2c56b0:   0000001b00000000 00007fb8a2c00000
0x000070000f2c56c0:   00007fb8a2c29540 00007fb8a2c29570
0x000070000f2c56d0:   000000010df13600 000000000000000e
0x000070000f2c56e0:   00007fb8a2cfc09c 000000010df13600
0x000070000f2c56f0:   000000010df08080 0000000000000001
0x000070000f2c5700:   000070000f2c5790 00007fff787b237e
0x000070000f2c5710:   000000010df07000 00007fb8a2cfc080
0x000070000f2c5720:   00007fb80000000e 0000000000000003
0x000070000f2c5730:   00007fb8a2c29540 00007fb8a2c22550
0x000070000f2c5740:   0000000000000001 00007fb8a2c00000
0x000070000f2c5750:   00007fb8a2c22550 00007fb8a2c22560
0x000070000f2c5760:   000000010df13600 000000000000000e
0x000070000f2c5770:   00007fb8a2cfc09c 000000010df13600
0x000070000f2c5780:   000000010df08080 00007fb8a2c22550
0x000070000f2c5790:   000070000f2c57f0 00007fff787b1e75
0x000070000f2c57a0:   000000010df07000 0000000000008c00 

Instructions: (pc=0x0000000110a3ef2b)
0x0000000110a3ef0b:   4c 89 e6 44 89 fa 4c 89 f1 e8 05 ff ff ff 84 c0
0x0000000110a3ef1b:   0f 85 ba 00 00 00 48 8d 05 7c 6d 65 00 80 38 00
0x0000000110a3ef2b:   49 8b 06 48 8d 0d 3b ce 65 00 48 8b b1 b8 00 00
0x0000000110a3ef3b:   00 74 15 48 8d 15 bb 42 5b 00 8a 4a 08 8b 78 08 

Register to memory mapping:

RAX=0x0000000111095ca4: UseCompressedClassPointers+0 in /Library/Java/JavaVirtualMachines/adoptopenjdk-8.jdk/Contents/Home/jre/lib/server/libjvm.dylib at 0x0000000110800000
RBX=0x0000000000000000 is an unknown value
RCX=0x0000000000000000 is an unknown value
RDX=0x00000000000002c6 is an unknown value
RSP=0x000070000f2c55b0 is pointing into the stack for thread: 0x00007fb8e581a800
RBP=0x000070000f2c5610 is pointing into the stack for thread: 0x00007fb8e581a800
RSI=0x0000000110dcec41: _ZL24decode_instructions_name+0x15001 in /Library/Java/JavaVirtualMachines/adoptopenjdk-8.jdk/Contents/Home/jre/lib/server/libjvm.dylib at 0x0000000110800000
RDI=0x00007fb8e581a800 is a thread
R8 =0x0000000000000000 is an unknown value
R9 =0xffffffff00000000 is an unknown value
R10=0x0000000110de8d5c: _ZZNK3Set11asSparseSetEvE8__func__+0x14f4 in /Library/Java/JavaVirtualMachines/adoptopenjdk-8.jdk/Contents/Home/jre/lib/server/libjvm.dylib at 0x0000000110800000
R11=0x000000011c4f57a0 is at entry_point+32 in (nmethod*)0x000000011c4f5610
R12=0x0000000110dcec41: _ZL24decode_instructions_name+0x15001 in /Library/Java/JavaVirtualMachines/adoptopenjdk-8.jdk/Contents/Home/jre/lib/server/libjvm.dylib at 0x0000000110800000
R13=0x00007fb8e581a800 is a thread
R14=0x0000000000000000 is an unknown value
R15=0x00000000000002c6 is an unknown value


Stack: [0x000070000f1c9000,0x000070000f2c9000],  sp=0x000070000f2c55b0,  free space=1009k
Native frames: (J=compiled Java code, j=interpreted, Vv=VM code, C=native code)
V  [libjvm.dylib+0x23ef2b]  Exceptions::_throw(Thread*, char const*, int, Handle, char const*)+0x7d
V  [libjvm.dylib+0x2ec571]  jni_Throw+0x7b
C  [libquack-jni.dylib+0x96bcf]  JNIEnv_::Throw(_jthrowable*)+0x2f
C  [libquack-jni.dylib+0xa9536]  QuickJSContext::rethrowQuickJSErrorToJava(JNIEnv_*, JSValue)+0x4b6
C  [libquack-jni.dylib+0xa9022]  QuickJSContext::toObjectCheckQuickJSError(JNIEnv_*, JSValue)+0x112
C  [libquack-jni.dylib+0xaaabd]  QuickJSContext::callInternal(JNIEnv_*, JSValue, JSValue, _jobjectArray*)+0x21d
C  [libquack-jni.dylib+0xaaf71]  QuickJSContext::call(JNIEnv_*, long long, _jobjectArray*)+0x121
C  [libquack-jni.dylib+0xb282e]  Java_com_koushikdutta_quack_QuackContext_call+0x3e
j  com.koushikdutta.quack.QuackContext.call(JJ[Ljava/lang/Object;)Ljava/lang/Object;+0
j  com.koushikdutta.quack.QuackContext.call(J[Ljava/lang/Object;)Ljava/lang/Object;+26
j  com.koushikdutta.quack.JavaScriptObject.call([Ljava/lang/Object;)Ljava/lang/Object;+23
j  com.koushikdutta.quack.QuackTests.testDuktapeExceptionFromJava()V+38
v  ~StubRoutines::call_stub
V  [libjvm.dylib+0x2e2eca]  JavaCalls::call_helper(JavaValue*, methodHandle*, JavaCallArguments*, Thread*)+0x6ae
V  [libjvm.dylib+0x4a88b4]  Reflection::invoke(instanceKlassHandle, methodHandle, Handle, bool, objArrayHandle, BasicType, objArrayHandle, bool, Thread*)+0xe12
V  [libjvm.dylib+0x4a8de8]  Reflection::invoke_method(oopDesc*, Handle, objArrayHandle, Thread*)+0x16c
V  [libjvm.dylib+0x31e808]  JVM_InvokeMethod+0x166
j  sun.reflect.NativeMethodAccessorImpl.invoke0(Ljava/lang/reflect/Method;Ljava/lang/Object;[Ljava/lang/Object;)Ljava/lang/Object;+0
j  sun.reflect.NativeMethodAccessorImpl.invoke(Ljava/lang/Object;[Ljava/lang/Object;)Ljava/lang/Object;+100
j  sun.reflect.DelegatingMethodAccessorImpl.invoke(Ljava/lang/Object;[Ljava/lang/Object;)Ljava/lang/Object;+6
j  java.lang.reflect.Method.invoke(Ljava/lang/Object;[Ljava/lang/Object;)Ljava/lang/Object;+56
j  org.junit.runners.model.FrameworkMethod$1.runReflectiveCall()Ljava/lang/Object;+15
j  org.junit.internal.runners.model.ReflectiveCallable.run()Ljava/lang/Object;+1
j  org.junit.runners.model.FrameworkMethod.invokeExplosively(Ljava/lang/Object;[Ljava/lang/Object;)Ljava/lang/Object;+10
j  org.junit.internal.runners.statements.InvokeMethod.evaluate()V+12
j  org.junit.runners.ParentRunner.runLeaf(Lorg/junit/runners/model/Statement;Lorg/junit/runner/Description;Lorg/junit/runner/notification/RunNotifier;)V+17
j  org.junit.runners.BlockJUnit4ClassRunner.runChild(Lorg/junit/runners/model/FrameworkMethod;Lorg/junit/runner/notification/RunNotifier;)V+30
j  org.junit.runners.BlockJUnit4ClassRunner.runChild(Ljava/lang/Object;Lorg/junit/runner/notification/RunNotifier;)V+6
j  org.junit.runners.ParentRunner$3.run()V+12
j  org.junit.runners.ParentRunner$1.schedule(Ljava/lang/Runnable;)V+1
j  org.junit.runners.ParentRunner.runChildren(Lorg/junit/runner/notification/RunNotifier;)V+44
j  org.junit.runners.ParentRunner.access$000(Lorg/junit/runners/ParentRunner;Lorg/junit/runner/notification/RunNotifier;)V+2
j  org.junit.runners.ParentRunner$2.evaluate()V+8
j  org.junit.runners.ParentRunner.run(Lorg/junit/runner/notification/RunNotifier;)V+20
j  org.gradle.api.internal.tasks.testing.junit.JUnitTestClassExecutor.runTestClass(Ljava/lang/String;)V+296
j  org.gradle.api.internal.tasks.testing.junit.JUnitTestClassExecutor.execute(Ljava/lang/String;)V+14
j  org.gradle.api.internal.tasks.testing.junit.JUnitTestClassExecutor.execute(Ljava/lang/Object;)V+5
j  org.gradle.api.internal.tasks.testing.junit.AbstractJUnitTestClassProcessor.processTestClass(Lorg/gradle/api/internal/tasks/testing/TestClassRunInfo;)V+26
j  org.gradle.api.internal.tasks.testing.SuiteTestClassProcessor.processTestClass(Lorg/gradle/api/internal/tasks/testing/TestClassRunInfo;)V+5
v  ~StubRoutines::call_stub
V  [libjvm.dylib+0x2e2eca]  JavaCalls::call_helper(JavaValue*, methodHandle*, JavaCallArguments*, Thread*)+0x6ae
V  [libjvm.dylib+0x4a88b4]  Reflection::invoke(instanceKlassHandle, methodHandle, Handle, bool, objArrayHandle, BasicType, objArrayHandle, bool, Thread*)+0xe12
V  [libjvm.dylib+0x4a8de8]  Reflection::invoke_method(oopDesc*, Handle, objArrayHandle, Thread*)+0x16c
V  [libjvm.dylib+0x31e808]  JVM_InvokeMethod+0x166
j  sun.reflect.NativeMethodAccessorImpl.invoke0(Ljava/lang/reflect/Method;Ljava/lang/Object;[Ljava/lang/Object;)Ljava/lang/Object;+0
j  sun.reflect.NativeMethodAccessorImpl.invoke(Ljava/lang/Object;[Ljava/lang/Object;)Ljava/lang/Object;+100
j  sun.reflect.DelegatingMethodAccessorImpl.invoke(Ljava/lang/Object;[Ljava/lang/Object;)Ljava/lang/Object;+6
j  java.lang.reflect.Method.invoke(Ljava/lang/Object;[Ljava/lang/Object;)Ljava/lang/Object;+56
j  org.gradle.internal.dispatch.ReflectionDispatch.dispatch(Lorg/gradle/internal/dispatch/MethodInvocation;)V+19
j  org.gradle.internal.dispatch.ReflectionDispatch.dispatch(Ljava/lang/Object;)V+5
j  org.gradle.internal.dispatch.ContextClassLoaderDispatch.dispatch(Ljava/lang/Object;)V+22
j  org.gradle.internal.dispatch.ProxyDispatchAdapter$DispatchingInvocationHandler.invoke(Ljava/lang/Object;Ljava/lang/reflect/Method;[Ljava/lang/Object;)Ljava/lang/Object;+177
j  com.sun.proxy.$Proxy2.processTestClass(Lorg/gradle/api/internal/tasks/testing/TestClassRunInfo;)V+16
j  org.gradle.api.internal.tasks.testing.worker.TestWorker.processTestClass(Lorg/gradle/api/internal/tasks/testing/TestClassRunInfo;)V+13
v  ~StubRoutines::call_stub
V  [libjvm.dylib+0x2e2eca]  JavaCalls::call_helper(JavaValue*, methodHandle*, JavaCallArguments*, Thread*)+0x6ae
V  [libjvm.dylib+0x4a88b4]  Reflection::invoke(instanceKlassHandle, methodHandle, Handle, bool, objArrayHandle, BasicType, objArrayHandle, bool, Thread*)+0xe12
V  [libjvm.dylib+0x4a8de8]  Reflection::invoke_method(oopDesc*, Handle, objArrayHandle, Thread*)+0x16c
V  [libjvm.dylib+0x31e808]  JVM_InvokeMethod+0x166
j  sun.reflect.NativeMethodAccessorImpl.invoke0(Ljava/lang/reflect/Method;Ljava/lang/Object;[Ljava/lang/Object;)Ljava/lang/Object;+0
j  sun.reflect.NativeMethodAccessorImpl.invoke(Ljava/lang/Object;[Ljava/lang/Object;)Ljava/lang/Object;+100
j  sun.reflect.DelegatingMethodAccessorImpl.invoke(Ljava/lang/Object;[Ljava/lang/Object;)Ljava/lang/Object;+6
j  java.lang.reflect.Method.invoke(Ljava/lang/Object;[Ljava/lang/Object;)Ljava/lang/Object;+56
j  org.gradle.internal.dispatch.ReflectionDispatch.dispatch(Lorg/gradle/internal/dispatch/MethodInvocation;)V+19
j  org.gradle.internal.dispatch.ReflectionDispatch.dispatch(Ljava/lang/Object;)V+5
j  org.gradle.internal.remote.internal.hub.MessageHubBackedObjectConnection$DispatchWrapper.dispatch(Lorg/gradle/internal/dispatch/MethodInvocation;)V+5
j  org.gradle.internal.remote.internal.hub.MessageHubBackedObjectConnection$DispatchWrapper.dispatch(Ljava/lang/Object;)V+5
j  org.gradle.internal.remote.internal.hub.MessageHub$Handler.run()V+174
j  org.gradle.internal.concurrent.ExecutorPolicy$CatchAndRecordFailures.onExecute(Ljava/lang/Runnable;)V+1
j  org.gradle.internal.concurrent.ManagedExecutorImpl$1.run()V+25
j  java.util.concurrent.ThreadPoolExecutor.runWorker(Ljava/util/concurrent/ThreadPoolExecutor$Worker;)V+95
j  java.util.concurrent.ThreadPoolExecutor$Worker.run()V+5
j  org.gradle.internal.concurrent.ThreadFactoryImpl$ManagedThreadRunnable.run()V+7
j  java.lang.Thread.run()V+11
v  ~StubRoutines::call_stub
V  [libjvm.dylib+0x2e2eca]  JavaCalls::call_helper(JavaValue*, methodHandle*, JavaCallArguments*, Thread*)+0x6ae
V  [libjvm.dylib+0x2e366e]  JavaCalls::call_virtual(JavaValue*, KlassHandle, Symbol*, Symbol*, JavaCallArguments*, Thread*)+0x164
V  [libjvm.dylib+0x2e381a]  JavaCalls::call_virtual(JavaValue*, Handle, KlassHandle, Symbol*, Symbol*, Thread*)+0x4a
V  [libjvm.dylib+0x32145a]  thread_entry(JavaThread*, Thread*)+0x7c
V  [libjvm.dylib+0x53f5fd]  JavaThread::thread_main_inner()+0x9b
V  [libjvm.dylib+0x540cc2]  JavaThread::run()+0x1c0
V  [libjvm.dylib+0x46124a]  java_start(Thread*)+0xf6
C  [libsystem_pthread.dylib+0x32eb]  _pthread_body+0x7e
C  [libsystem_pthread.dylib+0x6249]  _pthread_start+0x42
C  [libsystem_pthread.dylib+0x240d]  thread_start+0xd
C  0x0000000000000000

Java frames: (J=compiled Java code, j=interpreted, Vv=VM code)
j  com.koushikdutta.quack.QuackContext.call(JJ[Ljava/lang/Object;)Ljava/lang/Object;+0
j  com.koushikdutta.quack.QuackContext.call(J[Ljava/lang/Object;)Ljava/lang/Object;+26
j  com.koushikdutta.quack.JavaScriptObject.call([Ljava/lang/Object;)Ljava/lang/Object;+23
j  com.koushikdutta.quack.QuackTests.testDuktapeExceptionFromJava()V+38
v  ~StubRoutines::call_stub
j  sun.reflect.NativeMethodAccessorImpl.invoke0(Ljava/lang/reflect/Method;Ljava/lang/Object;[Ljava/lang/Object;)Ljava/lang/Object;+0
j  sun.reflect.NativeMethodAccessorImpl.invoke(Ljava/lang/Object;[Ljava/lang/Object;)Ljava/lang/Object;+100
j  sun.reflect.DelegatingMethodAccessorImpl.invoke(Ljava/lang/Object;[Ljava/lang/Object;)Ljava/lang/Object;+6
j  java.lang.reflect.Method.invoke(Ljava/lang/Object;[Ljava/lang/Object;)Ljava/lang/Object;+56
j  org.junit.runners.model.FrameworkMethod$1.runReflectiveCall()Ljava/lang/Object;+15
j  org.junit.internal.runners.model.ReflectiveCallable.run()Ljava/lang/Object;+1
j  org.junit.runners.model.FrameworkMethod.invokeExplosively(Ljava/lang/Object;[Ljava/lang/Object;)Ljava/lang/Object;+10
j  org.junit.internal.runners.statements.InvokeMethod.evaluate()V+12
j  org.junit.runners.ParentRunner.runLeaf(Lorg/junit/runners/model/Statement;Lorg/junit/runner/Description;Lorg/junit/runner/notification/RunNotifier;)V+17
j  org.junit.runners.BlockJUnit4ClassRunner.runChild(Lorg/junit/runners/model/FrameworkMethod;Lorg/junit/runner/notification/RunNotifier;)V+30
j  org.junit.runners.BlockJUnit4ClassRunner.runChild(Ljava/lang/Object;Lorg/junit/runner/notification/RunNotifier;)V+6
j  org.junit.runners.ParentRunner$3.run()V+12
j  org.junit.runners.ParentRunner$1.schedule(Ljava/lang/Runnable;)V+1
j  org.junit.runners.ParentRunner.runChildren(Lorg/junit/runner/notification/RunNotifier;)V+44
j  org.junit.runners.ParentRunner.access$000(Lorg/junit/runners/ParentRunner;Lorg/junit/runner/notification/RunNotifier;)V+2
j  org.junit.runners.ParentRunner$2.evaluate()V+8
j  org.junit.runners.ParentRunner.run(Lorg/junit/runner/notification/RunNotifier;)V+20
j  org.gradle.api.internal.tasks.testing.junit.JUnitTestClassExecutor.runTestClass(Ljava/lang/String;)V+296
j  org.gradle.api.internal.tasks.testing.junit.JUnitTestClassExecutor.execute(Ljava/lang/String;)V+14
j  org.gradle.api.internal.tasks.testing.junit.JUnitTestClassExecutor.execute(Ljava/lang/Object;)V+5
j  org.gradle.api.internal.tasks.testing.junit.AbstractJUnitTestClassProcessor.processTestClass(Lorg/gradle/api/internal/tasks/testing/TestClassRunInfo;)V+26
j  org.gradle.api.internal.tasks.testing.SuiteTestClassProcessor.processTestClass(Lorg/gradle/api/internal/tasks/testing/TestClassRunInfo;)V+5
v  ~StubRoutines::call_stub
j  sun.reflect.NativeMethodAccessorImpl.invoke0(Ljava/lang/reflect/Method;Ljava/lang/Object;[Ljava/lang/Object;)Ljava/lang/Object;+0
j  sun.reflect.NativeMethodAccessorImpl.invoke(Ljava/lang/Object;[Ljava/lang/Object;)Ljava/lang/Object;+100
j  sun.reflect.DelegatingMethodAccessorImpl.invoke(Ljava/lang/Object;[Ljava/lang/Object;)Ljava/lang/Object;+6
j  java.lang.reflect.Method.invoke(Ljava/lang/Object;[Ljava/lang/Object;)Ljava/lang/Object;+56
j  org.gradle.internal.dispatch.ReflectionDispatch.dispatch(Lorg/gradle/internal/dispatch/MethodInvocation;)V+19
j  org.gradle.internal.dispatch.ReflectionDispatch.dispatch(Ljava/lang/Object;)V+5
j  org.gradle.internal.dispatch.ContextClassLoaderDispatch.dispatch(Ljava/lang/Object;)V+22
j  org.gradle.internal.dispatch.ProxyDispatchAdapter$DispatchingInvocationHandler.invoke(Ljava/lang/Object;Ljava/lang/reflect/Method;[Ljava/lang/Object;)Ljava/lang/Object;+177
j  com.sun.proxy.$Proxy2.processTestClass(Lorg/gradle/api/internal/tasks/testing/TestClassRunInfo;)V+16
j  org.gradle.api.internal.tasks.testing.worker.TestWorker.processTestClass(Lorg/gradle/api/internal/tasks/testing/TestClassRunInfo;)V+13
v  ~StubRoutines::call_stub
j  sun.reflect.NativeMethodAccessorImpl.invoke0(Ljava/lang/reflect/Method;Ljava/lang/Object;[Ljava/lang/Object;)Ljava/lang/Object;+0
j  sun.reflect.NativeMethodAccessorImpl.invoke(Ljava/lang/Object;[Ljava/lang/Object;)Ljava/lang/Object;+100
j  sun.reflect.DelegatingMethodAccessorImpl.invoke(Ljava/lang/Object;[Ljava/lang/Object;)Ljava/lang/Object;+6
j  java.lang.reflect.Method.invoke(Ljava/lang/Object;[Ljava/lang/Object;)Ljava/lang/Object;+56
j  org.gradle.internal.dispatch.ReflectionDispatch.dispatch(Lorg/gradle/internal/dispatch/MethodInvocation;)V+19
j  org.gradle.internal.dispatch.ReflectionDispatch.dispatch(Ljava/lang/Object;)V+5
j  org.gradle.internal.remote.internal.hub.MessageHubBackedObjectConnection$DispatchWrapper.dispatch(Lorg/gradle/internal/dispatch/MethodInvocation;)V+5
j  org.gradle.internal.remote.internal.hub.MessageHubBackedObjectConnection$DispatchWrapper.dispatch(Ljava/lang/Object;)V+5
j  org.gradle.internal.remote.internal.hub.MessageHub$Handler.run()V+174
j  org.gradle.internal.concurrent.ExecutorPolicy$CatchAndRecordFailures.onExecute(Ljava/lang/Runnable;)V+1
j  org.gradle.internal.concurrent.ManagedExecutorImpl$1.run()V+25
j  java.util.concurrent.ThreadPoolExecutor.runWorker(Ljava/util/concurrent/ThreadPoolExecutor$Worker;)V+95
j  java.util.concurrent.ThreadPoolExecutor$Worker.run()V+5
j  org.gradle.internal.concurrent.ThreadFactoryImpl$ManagedThreadRunnable.run()V+7
j  java.lang.Thread.run()V+11
v  ~StubRoutines::call_stub

---------------  P R O C E S S  ---------------

Java Threads: ( => current thread )
  0x00007fb8e588d800 JavaThread "/0:0:0:0:0:0:0:1:65002 to /0:0:0:0:0:0:0:1:65001 workers Thread 3" [_thread_in_native, id=27395, stack(0x000070000f3cf000,0x000070000f4cf000)]
  0x00007fb8e5897000 JavaThread "/0:0:0:0:0:0:0:1:65002 to /0:0:0:0:0:0:0:1:65001 workers Thread 2" [_thread_blocked, id=26883, stack(0x000070000f2cc000,0x000070000f3cc000)]
=>0x00007fb8e581a800 JavaThread "Test worker" [_thread_in_vm, id=40451, stack(0x000070000f1c9000,0x000070000f2c9000)]
  0x00007fb8e3816000 JavaThread "Service Thread" daemon [_thread_blocked, id=40707, stack(0x000070000efc3000,0x000070000f0c3000)]
  0x00007fb8e48d9000 JavaThread "C1 CompilerThread11" daemon [_thread_blocked, id=25347, stack(0x000070000eec0000,0x000070000efc0000)]
  0x00007fb8e380b800 JavaThread "C1 CompilerThread10" daemon [_thread_blocked, id=25091, stack(0x000070000edbd000,0x000070000eebd000)]
  0x00007fb8e48d8800 JavaThread "C1 CompilerThread9" daemon [_thread_blocked, id=41219, stack(0x000070000ecba000,0x000070000edba000)]
  0x00007fb8e3006800 JavaThread "C1 CompilerThread8" daemon [_thread_blocked, id=24323, stack(0x000070000ebb7000,0x000070000ecb7000)]
  0x00007fb8e3005800 JavaThread "C2 CompilerThread7" daemon [_thread_blocked, id=41475, stack(0x000070000eab4000,0x000070000ebb4000)]
  0x00007fb8e48c7800 JavaThread "C2 CompilerThread6" daemon [_thread_blocked, id=23811, stack(0x000070000e9b1000,0x000070000eab1000)]
  0x00007fb8e48c7000 JavaThread "C2 CompilerThread5" daemon [_thread_blocked, id=23555, stack(0x000070000e8ae000,0x000070000e9ae000)]
  0x00007fb8e3802800 JavaThread "C2 CompilerThread4" daemon [_thread_blocked, id=23043, stack(0x000070000e7ab000,0x000070000e8ab000)]
  0x00007fb8e3005000 JavaThread "C2 CompilerThread3" daemon [_thread_blocked, id=22531, stack(0x000070000e6a8000,0x000070000e7a8000)]
  0x00007fb8e3004000 JavaThread "C2 CompilerThread2" daemon [_thread_blocked, id=22275, stack(0x000070000e5a5000,0x000070000e6a5000)]
  0x00007fb8e48b6000 JavaThread "C2 CompilerThread1" daemon [_thread_blocked, id=42755, stack(0x000070000e4a2000,0x000070000e5a2000)]
  0x00007fb8e48b5800 JavaThread "C2 CompilerThread0" daemon [_thread_blocked, id=22019, stack(0x000070000e39f000,0x000070000e49f000)]
  0x00007fb8e486a000 JavaThread "Signal Dispatcher" daemon [_thread_blocked, id=21763, stack(0x000070000e29c000,0x000070000e39c000)]
  0x00007fb8e484c800 JavaThread "Finalizer" daemon [_thread_blocked, id=16387, stack(0x000070000e199000,0x000070000e299000)]
  0x00007fb8e484c000 JavaThread "Reference Handler" daemon [_thread_blocked, id=15875, stack(0x000070000e096000,0x000070000e196000)]
  0x00007fb8e6001800 JavaThread "main" [_thread_blocked, id=9731, stack(0x000070000cf63000,0x000070000d063000)]

Other Threads:
  0x00007fb8e4845000 VMThread [stack: 0x000070000df93000,0x000070000e093000] [id=19203]
  0x00007fb8e3817000 WatcherThread [stack: 0x000070000f0c6000,0x000070000f1c6000] [id=26115]

VM state:not at safepoint (normal execution)

VM Mutex/Monitor currently owned by a thread: None

heap address: 0x00000007a0000000, size: 512 MB, Compressed Oops mode: Zero based, Oop shift amount: 3
Narrow klass base: 0x0000000000000000, Narrow klass shift: 3
Compressed class space size: 1073741824 Address: 0x00000007c0000000

Heap:
 PSYoungGen      total 153088K, used 18421K [0x00000007b5580000, 0x00000007c0000000, 0x00000007c0000000)
  eden space 131584K, 14% used [0x00000007b5580000,0x00000007b677d770,0x00000007bd600000)
  from space 21504K, 0% used [0x00000007beb00000,0x00000007beb00000,0x00000007c0000000)
  to   space 21504K, 0% used [0x00000007bd600000,0x00000007bd600000,0x00000007beb00000)
 ParOldGen       total 349696K, used 2832K [0x00000007a0000000, 0x00000007b5580000, 0x00000007b5580000)
  object space 349696K, 0% used [0x00000007a0000000,0x00000007a02c4218,0x00000007b5580000)
 Metaspace       used 9066K, capacity 9402K, committed 9472K, reserved 1056768K
  class space    used 1129K, capacity 1251K, committed 1280K, reserved 1048576K

Card table byte_map: [0x00000001116d9000,0x00000001117da000] byte_map_base: 0x000000010d9d9000

Marking Bits: (ParMarkBitMap*) 0x000000011109b030
 Begin Bits: [0x0000000111885000, 0x0000000112085000)
 End Bits:   [0x0000000112085000, 0x0000000112885000)

Polling page: 0x000000010df81000

CodeCache: size=245760Kb used=5267Kb max_used=5282Kb free=240492Kb
 bounds [0x000000011c1d1000, 0x000000011c701000, 0x000000012b1d1000]
 total_blobs=1354 nmethods=1025 adapters=241
 compilation: enabled

Compilation events (10 events):
Event: 1.067 Thread 0x00007fb8e48d8800 1024       3       java.util.Formatter$FormatSpecifier::conversion (94 bytes)
Event: 1.067 Thread 0x00007fb8e48d9000 1025       3       java.util.Formatter$Conversion::isText (32 bytes)
Event: 1.067 Thread 0x00007fb8e48d9000 nmethod 1025 0x000000011c6e5cd0 code [0x000000011c6e5e20, 0x000000011c6e5f70]
Event: 1.067 Thread 0x00007fb8e48d9000 1022   !   3       java.util.regex.Pattern::matcher (44 bytes)
Event: 1.067 Thread 0x00007fb8e3006800 nmethod 1020 0x000000011c6eb910 code [0x000000011c6eba80, 0x000000011c6ebc88]
Event: 1.067 Thread 0x00007fb8e3006800 1023       3       java.util.regex.Matcher::<init> (84 bytes)
Event: 1.068 Thread 0x00007fb8e3006800 nmethod 1023 0x000000011c6f0550 code [0x000000011c6f06e0, 0x000000011c6f0ba8]
Event: 1.068 Thread 0x00007fb8e48d9000 nmethod 1022 0x000000011c6f0d10 code [0x000000011c6f0ea0, 0x000000011c6f1318]
Event: 1.068 Thread 0x00007fb8e380b800 nmethod 1018 0x000000011c6f1450 code [0x000000011c6f1740, 0x000000011c6f2b88]
Event: 1.068 Thread 0x00007fb8e3006800 1026       1       java.lang.StackTraceElement::getClassName (5 bytes)

GC Heap History (10 events):
Event: 1.008 GC heap before
{Heap before GC invocations=195 (full 97):
 PSYoungGen      total 153088K, used 5263K [0x00000007b5580000, 0x00000007c0000000, 0x00000007c0000000)
  eden space 131584K, 4% used [0x00000007b5580000,0x00000007b5aa3d88,0x00000007bd600000)
  from space 21504K, 0% used [0x00000007bd600000,0x00000007bd600000,0x00000007beb00000)
  to   space 21504K, 0% used [0x00000007beb00000,0x00000007beb00000,0x00000007c0000000)
 ParOldGen       total 349696K, used 2815K [0x00000007a0000000, 0x00000007b5580000, 0x00000007b5580000)
  object space 349696K, 0% used [0x00000007a0000000,0x00000007a02bff48,0x00000007b5580000)
 Metaspace       used 8857K, capacity 9114K, committed 9216K, reserved 1056768K
  class space    used 1104K, capacity 1207K, committed 1280K, reserved 1048576K
Event: 1.008 GC heap after
Heap after GC invocations=195 (full 97):
 PSYoungGen      total 153088K, used 256K [0x00000007b5580000, 0x00000007c0000000, 0x00000007c0000000)
  eden space 131584K, 0% used [0x00000007b5580000,0x00000007b5580000,0x00000007bd600000)
  from space 21504K, 1% used [0x00000007beb00000,0x00000007beb40000,0x00000007c0000000)
  to   space 21504K, 0% used [0x00000007bd600000,0x00000007bd600000,0x00000007beb00000)
 ParOldGen       total 349696K, used 2815K [0x00000007a0000000, 0x00000007b5580000, 0x00000007b5580000)
  object space 349696K, 0% used [0x00000007a0000000,0x00000007a02bff48,0x00000007b5580000)
 Metaspace       used 8857K, capacity 9114K, committed 9216K, reserved 1056768K
  class space    used 1104K, capacity 1207K, committed 1280K, reserved 1048576K
}
Event: 1.008 GC heap before
{Heap before GC invocations=196 (full 97):
 PSYoungGen      total 153088K, used 5519K [0x00000007b5580000, 0x00000007c0000000, 0x00000007c0000000)
  eden space 131584K, 4% used [0x00000007b5580000,0x00000007b5aa3d80,0x00000007bd600000)
  from space 21504K, 1% used [0x00000007beb00000,0x00000007beb40000,0x00000007c0000000)
  to   space 21504K, 0% used [0x00000007bd600000,0x00000007bd600000,0x00000007beb00000)
 ParOldGen       total 349696K, used 2815K [0x00000007a0000000, 0x00000007b5580000, 0x00000007b5580000)
  object space 349696K, 0% used [0x00000007a0000000,0x00000007a02bff48,0x00000007b5580000)
 Metaspace       used 8868K, capacity 9114K, committed 9216K, reserved 1056768K
  class space    used 1105K, capacity 1207K, committed 1280K, reserved 1048576K
Event: 1.009 GC heap after
Heap after GC invocations=196 (full 97):
 PSYoungGen      total 153088K, used 192K [0x00000007b5580000, 0x00000007c0000000, 0x00000007c0000000)
  eden space 131584K, 0% used [0x00000007b5580000,0x00000007b5580000,0x00000007bd600000)
  from space 21504K, 0% used [0x00000007bd600000,0x00000007bd630000,0x00000007beb00000)
  to   space 21504K, 0% used [0x00000007beb00000,0x00000007beb00000,0x00000007c0000000)
 ParOldGen       total 349696K, used 2815K [0x00000007a0000000, 0x00000007b5580000, 0x00000007b5580000)
  object space 349696K, 0% used [0x00000007a0000000,0x00000007a02bff48,0x00000007b5580000)
 Metaspace       used 8868K, capacity 9114K, committed 9216K, reserved 1056768K
  class space    used 1105K, capacity 1207K, committed 1280K, reserved 1048576K
}
Event: 1.009 GC heap before
{Heap before GC invocations=197 (full 98):
 PSYoungGen      total 153088K, used 192K [0x00000007b5580000, 0x00000007c0000000, 0x00000007c0000000)
  eden space 131584K, 0% used [0x00000007b5580000,0x00000007b5580000,0x00000007bd600000)
  from space 21504K, 0% used [0x00000007bd600000,0x00000007bd630000,0x00000007beb00000)
  to   space 21504K, 0% used [0x00000007beb00000,0x00000007beb00000,0x00000007c0000000)
 ParOldGen       total 349696K, used 2815K [0x00000007a0000000, 0x00000007b5580000, 0x00000007b5580000)
  object space 349696K, 0% used [0x00000007a0000000,0x00000007a02bff48,0x00000007b5580000)
 Metaspace       used 8868K, capacity 9114K, committed 9216K, reserved 1056768K
  class space    used 1105K, capacity 1207K, committed 1280K, reserved 1048576K
Event: 1.019 GC heap after
Heap after GC invocations=197 (full 98):
 PSYoungGen      total 153088K, used 0K [0x00000007b5580000, 0x00000007c0000000, 0x00000007c0000000)
  eden space 131584K, 0% used [0x00000007b5580000,0x00000007b5580000,0x00000007bd600000)
  from space 21504K, 0% used [0x00000007bd600000,0x00000007bd600000,0x00000007beb00000)
  to   space 21504K, 0% used [0x00000007beb00000,0x00000007beb00000,0x00000007c0000000)
 ParOldGen       total 349696K, used 2837K [0x00000007a0000000, 0x00000007b5580000, 0x00000007b5580000)
  object space 349696K, 0% used [0x00000007a0000000,0x00000007a02c5540,0x00000007b5580000)
 Metaspace       used 8868K, capacity 9114K, committed 9216K, reserved 1056768K
  class space    used 1105K, capacity 1207K, committed 1280K, reserved 1048576K
}
Event: 1.019 GC heap before
{Heap before GC invocations=198 (full 98):
 PSYoungGen      total 153088K, used 5263K [0x00000007b5580000, 0x00000007c0000000, 0x00000007c0000000)
  eden space 131584K, 4% used [0x00000007b5580000,0x00000007b5aa3d88,0x00000007bd600000)
  from space 21504K, 0% used [0x00000007bd600000,0x00000007bd600000,0x00000007beb00000)
  to   space 21504K, 0% used [0x00000007beb00000,0x00000007beb00000,0x00000007c0000000)
 ParOldGen       total 349696K, used 2837K [0x00000007a0000000, 0x00000007b5580000, 0x00000007b5580000)
  object space 349696K, 0% used [0x00000007a0000000,0x00000007a02c5540,0x00000007b5580000)
 Metaspace       used 8868K, capacity 9114K, committed 9216K, reserved 1056768K
  class space    used 1105K, capacity 1207K, committed 1280K, reserved 1048576K
Event: 1.020 GC heap after
Heap after GC invocations=198 (full 98):
 PSYoungGen      total 153088K, used 160K [0x00000007b5580000, 0x00000007c0000000, 0x00000007c0000000)
  eden space 131584K, 0% used [0x00000007b5580000,0x00000007b5580000,0x00000007bd600000)
  from space 21504K, 0% used [0x00000007beb00000,0x00000007beb28000,0x00000007c0000000)
  to   space 21504K, 0% used [0x00000007bd600000,0x00000007bd600000,0x00000007beb00000)
 ParOldGen       total 349696K, used 2837K [0x00000007a0000000, 0x00000007b5580000, 0x00000007b5580000)
  object space 349696K, 0% used [0x00000007a0000000,0x00000007a02c5540,0x00000007b5580000)
 Metaspace       used 8868K, capacity 9114K, committed 9216K, reserved 1056768K
  class space    used 1105K, capacity 1207K, committed 1280K, reserved 1048576K
}
Event: 1.020 GC heap before
{Heap before GC invocations=199 (full 99):
 PSYoungGen      total 153088K, used 160K [0x00000007b5580000, 0x00000007c0000000, 0x00000007c0000000)
  eden space 131584K, 0% used [0x00000007b5580000,0x00000007b5580000,0x00000007bd600000)
  from space 21504K, 0% used [0x00000007beb00000,0x00000007beb28000,0x00000007c0000000)
  to   space 21504K, 0% used [0x00000007bd600000,0x00000007bd600000,0x00000007beb00000)
 ParOldGen       total 349696K, used 2837K [0x00000007a0000000, 0x00000007b5580000, 0x00000007b5580000)
  object space 349696K, 0% used [0x00000007a0000000,0x00000007a02c5540,0x00000007b5580000)
 Metaspace       used 8868K, capacity 9114K, committed 9216K, reserved 1056768K
  class space    used 1105K, capacity 1207K, committed 1280K, reserved 1048576K
Event: 1.026 GC heap after
Heap after GC invocations=199 (full 99):
 PSYoungGen      total 153088K, used 0K [0x00000007b5580000, 0x00000007c0000000, 0x00000007c0000000)
  eden space 131584K, 0% used [0x00000007b5580000,0x00000007b5580000,0x00000007bd600000)
  from space 21504K, 0% used [0x00000007beb00000,0x00000007beb00000,0x00000007c0000000)
  to   space 21504K, 0% used [0x00000007bd600000,0x00000007bd600000,0x00000007beb00000)
 ParOldGen       total 349696K, used 2832K [0x00000007a0000000, 0x00000007b5580000, 0x00000007b5580000)
  object space 349696K, 0% used [0x00000007a0000000,0x00000007a02c4218,0x00000007b5580000)
 Metaspace       used 8868K, capacity 9114K, committed 9216K, reserved 1056768K
  class space    used 1105K, capacity 1207K, committed 1280K, reserved 1048576K
}

Deoptimization events (5 events):
Event: 0.161 Thread 0x00007fb8e6001800 Uncommon trap: reason=unstable_if action=reinterpret pc=0x000000011c48f7a4 method=java.io.BufferedInputStream.read()I @ 8
Event: 0.201 Thread 0x00007fb8e6001800 Uncommon trap: reason=null_check action=make_not_entrant pc=0x000000011c4fd664 method=java.lang.String.equals(Ljava/lang/Object;)Z @ 8
Event: 0.215 Thread 0x00007fb8e6001800 Uncommon trap: reason=unstable_if action=reinterpret pc=0x000000011c51cc50 method=java.lang.String.replace(CC)Ljava/lang/String; @ 26
Event: 0.555 Thread 0x00007fb8e484c800 Uncommon trap: reason=unstable_if action=reinterpret pc=0x000000011c65da14 method=sun.misc.MetaIndex.mayContain(Ljava/lang/String;)Z @ 38
Event: 1.064 Thread 0x00007fb8e581a800 Uncommon trap: reason=class_check action=maybe_recompile pc=0x000000011c6e546c method=java.util.HashMap.putVal(ILjava/lang/Object;Ljava/lang/Object;ZZ)Ljava/lang/Object; @ 253

Classes redefined (0 events):
No events

Internal exceptions (10 events):
Event: 0.226 Thread 0x00007fb8e6001800 Exception <a 'java/security/PrivilegedActionException'> (0x00000007b6719f30) thrown at [/Users/jenkins/workspace/build-scripts/jobs/jdk8u/jdk8u-mac-x64-hotspot/workspace/build/src/hotspot/src/share/vm/prims/jvm.cpp, line 1502]
Event: 0.226 Thread 0x00007fb8e6001800 Exception <a 'java/security/PrivilegedActionException'> (0x00000007b671a328) thrown at [/Users/jenkins/workspace/build-scripts/jobs/jdk8u/jdk8u-mac-x64-hotspot/workspace/build/src/hotspot/src/share/vm/prims/jvm.cpp, line 1502]
Event: 0.268 Thread 0x00007fb8e6001800 Exception <a 'java/lang/ArrayIndexOutOfBoundsException'> (0x00000007b691ddb0) thrown at [/Users/jenkins/workspace/build-scripts/jobs/jdk8u/jdk8u-mac-x64-hotspot/workspace/build/src/hotspot/src/share/vm/runtime/sharedRuntime.cpp, line 605]
Event: 0.268 Thread 0x00007fb8e6001800 Exception <a 'java/lang/ArrayIndexOutOfBoundsException'> (0x00000007b691ec08) thrown at [/Users/jenkins/workspace/build-scripts/jobs/jdk8u/jdk8u-mac-x64-hotspot/workspace/build/src/hotspot/src/share/vm/runtime/sharedRuntime.cpp, line 605]
Event: 0.364 Thread 0x00007fb8e581a800 Exception <a 'com/koushikdutta/quack/QuackException': Error: quack.
    at func1 (test.js:3)
    at func2 (test.js:6)
    at func3 (test.js:8)
    at <anonymous> (test.js:9)
> (0x00000007b769f0d0) thrown at [/Users/jenkins/workspace/build-scripts/jobs/jdk
Event: 0.366 Thread 0x00007fb8e581a800 Exception <a 'com/koushikdutta/quack/QuackException': Error: quack.
    at func1 (test.js)
    at func2 (test.js)
    at func3 (test.js)
    at <anonymous> (test.js)
> (0x00000007b76a81f0) thrown at [/Users/jenkins/workspace/build-scripts/jobs/jdk8u/jdk8u
Event: 1.034 Thread 0x00007fb8e581a800 Exception <a 'java/lang/reflect/InvocationTargetException'> (0x00000007b58212e0) thrown at [/Users/jenkins/workspace/build-scripts/jobs/jdk8u/jdk8u-mac-x64-hotspot/workspace/build/src/hotspot/src/share/vm/runtime/reflection.cpp, line 1092]
Event: 1.038 Thread 0x00007fb8e581a800 Exception <a 'java/lang/IllegalArgumentException'> (0x00000007b5820eb8) thrown at [/Users/jenkins/workspace/build-scripts/jobs/jdk8u/jdk8u-mac-x64-hotspot/workspace/build/src/hotspot/src/share/vm/prims/jni.cpp, line 710]
Event: 1.066 Thread 0x00007fb8e581a800 Exception <a 'java/lang/reflect/InvocationTargetException'> (0x00000007b5946b68) thrown at [/Users/jenkins/workspace/build-scripts/jobs/jdk8u/jdk8u-mac-x64-hotspot/workspace/build/src/hotspot/src/share/vm/runtime/reflection.cpp, line 1092]
Event: 1.067 Thread 0x00007fb8e581a800 Exception <a 'java/lang/IncompatibleClassChangeError'> (0x00000007b5972ad0) thrown at [/Users/jenkins/workspace/build-scripts/jobs/jdk8u/jdk8u-mac-x64-hotspot/workspace/build/src/hotspot/src/share/vm/oops/instanceKlass.cpp, line 2872]

Events (10 events):
Event: 1.062 loading class com/koushikdutta/quack/QuackTests$ResultHolder done
Event: 1.062 loading class com/koushikdutta/quack/QuackTests$ResultHolder
Event: 1.062 loading class com/koushikdutta/quack/QuackTests$ResultHolder done
Event: 1.064 loading class com/koushikdutta/quack/QuackTests$Console
Event: 1.064 loading class com/koushikdutta/quack/QuackTests$Console done
Event: 1.064 Thread 0x00007fb8e581a800 Uncommon trap: trap_request=0xffffffde fr.pc=0x000000011c6e546c
Event: 1.064 Thread 0x00007fb8e581a800 DEOPT PACKING pc=0x000000011c6e546c sp=0x000070000f2c45d0
Event: 1.064 Thread 0x00007fb8e581a800 DEOPT UNPACKING pc=0x000000011c21647a sp=0x000070000f2c4508 mode 2
Event: 1.066 loading class com/koushikdutta/quack/QuackTests$1
Event: 1.066 loading class com/koushikdutta/quack/QuackTests$1 done


Dynamic libraries:
0x00007fff4be95000 	/System/Library/Frameworks/Cocoa.framework/Versions/A/Cocoa
0x00007fff57bad000 	/System/Library/Frameworks/Security.framework/Versions/A/Security
0x00007fff4ab2a000 	/System/Library/Frameworks/ApplicationServices.framework/Versions/A/ApplicationServices
0x00007fff77c91000 	/usr/lib/libz.1.dylib
0x00007fff755eb000 	/usr/lib/libSystem.B.dylib
0x00007fff76e22000 	/usr/lib/libobjc.A.dylib
0x00007fff4e8ff000 	/System/Library/Frameworks/Foundation.framework/Versions/C/Foundation
0x00007fff4c67d000 	/System/Library/Frameworks/CoreFoundation.framework/Versions/A/CoreFoundation
0x00007fff49d23000 	/System/Library/Frameworks/AppKit.framework/Versions/C/AppKit
0x00007fff4c210000 	/System/Library/Frameworks/CoreData.framework/Versions/A/CoreData
0x00007fff6f0be000 	/System/Library/PrivateFrameworks/RemoteViewServices.framework/Versions/A/RemoteViewServices
0x00007fff7332b000 	/System/Library/PrivateFrameworks/UIFoundation.framework/Versions/A/UIFoundation
0x00007fff74a0d000 	/System/Library/PrivateFrameworks/XCTTargetBootstrap.framework/Versions/A/XCTTargetBootstrap
0x00007fff4c595000 	/System/Library/Frameworks/CoreDisplay.framework/Versions/A/CoreDisplay
0x00007fff69df3000 	/System/Library/PrivateFrameworks/IconServices.framework/Versions/A/IconServices
0x00007fff51223000 	/System/Library/Frameworks/Metal.framework/Versions/A/Metal
0x00007fff6136e000 	/System/Library/PrivateFrameworks/DesktopServicesPriv.framework/Versions/A/DesktopServicesPriv
0x00007fff76185000 	/usr/lib/libenergytrace.dylib
0x00007fff71814000 	/System/Library/PrivateFrameworks/SkyLight.framework/Versions/A/SkyLight
0x00007fff4cac3000 	/System/Library/Frameworks/CoreGraphics.framework/Versions/A/CoreGraphics
0x00007fff48aef000 	/System/Library/Frameworks/Accelerate.framework/Versions/A/Accelerate
0x00007fff4f047000 	/System/Library/Frameworks/IOSurface.framework/Versions/A/IOSurface
0x00007fff611da000 	/System/Library/PrivateFrameworks/DFRFoundation.framework/Versions/A/DFRFoundation
0x00007fff4b00d000 	/System/Library/Frameworks/AudioToolbox.framework/Versions/A/AudioToolbox
0x00007fff4b286000 	/System/Library/Frameworks/AudioUnit.framework/Versions/A/AudioUnit
0x00007fff6126f000 	/System/Library/PrivateFrameworks/DataDetectorsCore.framework/Versions/A/DataDetectorsCore
0x00007fff4b999000 	/System/Library/Frameworks/Carbon.framework/Versions/A/Frameworks/HIToolbox.framework/Versions/A/HIToolbox
0x00007fff762de000 	/usr/lib/libicucore.A.dylib
0x00007fff57122000 	/System/Library/Frameworks/QuartzCore.framework/Versions/A/QuartzCore
0x00007fff4bd6d000 	/System/Library/Frameworks/Carbon.framework/Versions/A/Frameworks/SpeechRecognition.framework/Versions/A/SpeechRecognition
0x00007fff7573f000 	/usr/lib/libauto.dylib
0x00007fff77b85000 	/usr/lib/libxml2.2.dylib
0x00007fff60db7000 	/System/Library/PrivateFrameworks/CoreUI.framework/Versions/A/CoreUI
0x00007fff4c0fb000 	/System/Library/Frameworks/CoreAudio.framework/Versions/A/CoreAudio
0x00007fff4e734000 	/System/Library/Frameworks/DiskArbitration.framework/Versions/A/DiskArbitration
0x00007fff7658c000 	/usr/lib/liblangid.dylib
0x00007fff6b223000 	/System/Library/PrivateFrameworks/MultitouchSupport.framework/Versions/A/MultitouchSupport
0x00007fff4efb6000 	/System/Library/Frameworks/IOKit.framework/Versions/A/IOKit
0x00007fff751ac000 	/usr/lib/libDiagnosticMessagesClient.dylib
0x00007fff4d8d2000 	/System/Library/Frameworks/CoreServices.framework/Versions/A/CoreServices
0x00007fff6ceca000 	/System/Library/PrivateFrameworks/PerformanceAnalysis.framework/Versions/A/PerformanceAnalysis
0x00007fff56310000 	/System/Library/Frameworks/OpenGL.framework/Versions/A/OpenGL
0x00007fff4bea3000 	/System/Library/Frameworks/ColorSync.framework/Versions/A/ColorSync
0x00007fff4d154000 	/System/Library/Frameworks/CoreImage.framework/Versions/A/CoreImage
0x00007fff4e2ab000 	/System/Library/Frameworks/CoreText.framework/Versions/A/CoreText
0x00007fff4f0aa000 	/System/Library/Frameworks/ImageIO.framework/Versions/A/ImageIO
0x00007fff5d40c000 	/System/Library/PrivateFrameworks/Backup.framework/Versions/A/Backup
0x00007fff75692000 	/usr/lib/libarchive.2.dylib
0x00007fff4b5de000 	/System/Library/Frameworks/CFNetwork.framework/Versions/A/CFNetwork
0x00007fff58307000 	/System/Library/Frameworks/SystemConfiguration.framework/Versions/A/SystemConfiguration
0x00007fff750dd000 	/usr/lib/libCRFSuite.dylib
0x00007fff7582e000 	/usr/lib/libc++.1.dylib
0x00007fff75882000 	/usr/lib/libc++abi.dylib
0x00007fff78487000 	/usr/lib/system/libcache.dylib
0x00007fff7848c000 	/usr/lib/system/libcommonCrypto.dylib
0x00007fff78497000 	/usr/lib/system/libcompiler_rt.dylib
0x00007fff7849f000 	/usr/lib/system/libcopyfile.dylib
0x00007fff784a9000 	/usr/lib/system/libcorecrypto.dylib
0x00007fff785b4000 	/usr/lib/system/libdispatch.dylib
0x00007fff785ee000 	/usr/lib/system/libdyld.dylib
0x00007fff7861b000 	/usr/lib/system/libkeymgr.dylib
0x00007fff78629000 	/usr/lib/system/liblaunch.dylib
0x00007fff7862a000 	/usr/lib/system/libmacho.dylib
0x00007fff78630000 	/usr/lib/system/libquarantine.dylib
0x00007fff78633000 	/usr/lib/system/libremovefile.dylib
0x00007fff78635000 	/usr/lib/system/libsystem_asl.dylib
0x00007fff7864d000 	/usr/lib/system/libsystem_blocks.dylib
0x00007fff7864e000 	/usr/lib/system/libsystem_c.dylib
0x00007fff786d6000 	/usr/lib/system/libsystem_configuration.dylib
0x00007fff786da000 	/usr/lib/system/libsystem_coreservices.dylib
0x00007fff786de000 	/usr/lib/system/libsystem_darwin.dylib
0x00007fff786e5000 	/usr/lib/system/libsystem_dnssd.dylib
0x00007fff786ec000 	/usr/lib/system/libsystem_info.dylib
0x00007fff78761000 	/usr/lib/system/libsystem_m.dylib
0x00007fff787ad000 	/usr/lib/system/libsystem_malloc.dylib
0x00007fff787d8000 	/usr/lib/system/libsystem_networkextension.dylib
0x00007fff787e3000 	/usr/lib/system/libsystem_notify.dylib
0x00007fff78800000 	/usr/lib/system/libsystem_sandbox.dylib
0x00007fff78804000 	/usr/lib/system/libsystem_secinit.dylib
0x00007fff78738000 	/usr/lib/system/libsystem_kernel.dylib
0x00007fff787eb000 	/usr/lib/system/libsystem_platform.dylib
0x00007fff787f5000 	/usr/lib/system/libsystem_pthread.dylib
0x00007fff78807000 	/usr/lib/system/libsystem_symptoms.dylib
0x00007fff7880f000 	/usr/lib/system/libsystem_trace.dylib
0x00007fff78826000 	/usr/lib/system/libunwind.dylib
0x00007fff7882c000 	/usr/lib/system/libxpc.dylib
0x00007fff7580f000 	/usr/lib/libbsm.0.dylib
0x00007fff7861c000 	/usr/lib/system/libkxld.dylib
0x00007fff5c7fd000 	/System/Library/PrivateFrameworks/AppleFSCompression.framework/Versions/A/AppleFSCompression
0x00007fff754ab000 	/usr/lib/libOpenScriptingUtil.dylib
0x00007fff75b37000 	/usr/lib/libcoretls.dylib
0x00007fff75b4e000 	/usr/lib/libcoretls_cfhelpers.dylib
0x00007fff775b9000 	/usr/lib/libpam.2.dylib
0x00007fff77779000 	/usr/lib/libsqlite3.dylib
0x00007fff77b73000 	/usr/lib/libxar.1.dylib
0x00007fff75820000 	/usr/lib/libbz2.1.0.dylib
0x00007fff7658e000 	/usr/lib/liblzma.5.dylib
0x00007fff76a3f000 	/usr/lib/libnetwork.dylib
0x00007fff7567b000 	/usr/lib/libapple_nghttp2.dylib
0x00007fff775c0000 	/usr/lib/libpcap.A.dylib
0x00007fff4dc71000 	/System/Library/Frameworks/CoreServices.framework/Versions/A/Frameworks/FSEvents.framework/Versions/A/FSEvents
0x00007fff4d950000 	/System/Library/Frameworks/CoreServices.framework/Versions/A/Frameworks/CarbonCore.framework/Versions/A/CarbonCore
0x00007fff4de2d000 	/System/Library/Frameworks/CoreServices.framework/Versions/A/Frameworks/Metadata.framework/Versions/A/Metadata
0x00007fff4decc000 	/System/Library/Frameworks/CoreServices.framework/Versions/A/Frameworks/OSServices.framework/Versions/A/OSServices
0x00007fff4df17000 	/System/Library/Frameworks/CoreServices.framework/Versions/A/Frameworks/SearchKit.framework/Versions/A/SearchKit
0x00007fff4d8d3000 	/System/Library/Frameworks/CoreServices.framework/Versions/A/Frameworks/AE.framework/Versions/A/AE
0x00007fff4dc7a000 	/System/Library/Frameworks/CoreServices.framework/Versions/A/Frameworks/LaunchServices.framework/Versions/A/LaunchServices
0x00007fff4dc28000 	/System/Library/Frameworks/CoreServices.framework/Versions/A/Frameworks/DictionaryServices.framework/Versions/A/DictionaryServices
0x00007fff4df7f000 	/System/Library/Frameworks/CoreServices.framework/Versions/A/Frameworks/SharedFileList.framework/Versions/A/SharedFileList
0x00007fff522eb000 	/System/Library/Frameworks/NetFS.framework/Versions/A/NetFS
0x00007fff6b489000 	/System/Library/PrivateFrameworks/NetAuth.framework/Versions/A/NetAuth
0x00007fff74e11000 	/System/Library/PrivateFrameworks/login.framework/Versions/A/Frameworks/loginsupport.framework/Versions/A/loginsupport
0x00007fff72f34000 	/System/Library/PrivateFrameworks/TCC.framework/Versions/A/TCC
0x00007fff60414000 	/System/Library/PrivateFrameworks/CoreNLP.framework/Versions/A/CoreNLP
0x00007fff6aefa000 	/System/Library/PrivateFrameworks/MetadataUtilities.framework/Versions/A/MetadataUtilities
0x00007fff76663000 	/usr/lib/libmecabra.dylib
0x00007fff4ab2b000 	/System/Library/Frameworks/ApplicationServices.framework/Versions/A/Frameworks/ATS.framework/Versions/A/ATS
0x00007fff4ae7a000 	/System/Library/Frameworks/ApplicationServices.framework/Versions/A/Frameworks/ColorSyncLegacy.framework/Versions/A/ColorSyncLegacy
0x00007fff4af19000 	/System/Library/Frameworks/ApplicationServices.framework/Versions/A/Frameworks/HIServices.framework/Versions/A/HIServices
0x00007fff4af6c000 	/System/Library/Frameworks/ApplicationServices.framework/Versions/A/Frameworks/LangAnalysis.framework/Versions/A/LangAnalysis
0x00007fff4af7c000 	/System/Library/Frameworks/ApplicationServices.framework/Versions/A/Frameworks/PrintCore.framework/Versions/A/PrintCore
0x00007fff4afc6000 	/System/Library/Frameworks/ApplicationServices.framework/Versions/A/Frameworks/QD.framework/Versions/A/QD
0x00007fff4b000000 	/System/Library/Frameworks/ApplicationServices.framework/Versions/A/Frameworks/SpeechSynthesis.framework/Versions/A/SpeechSynthesis
0x00007fff758aa000 	/usr/lib/libcompression.dylib
0x00007fff514f3000 	/System/Library/Frameworks/MetalPerformanceShaders.framework/Versions/A/MetalPerformanceShaders
0x00007fff48b07000 	/System/Library/Frameworks/Accelerate.framework/Versions/A/Frameworks/vImage.framework/Versions/A/vImage
0x00007fff49b81000 	/System/Library/Frameworks/Accelerate.framework/Versions/A/Frameworks/vecLib.framework/Versions/A/vecLib
0x00007fff49acd000 	/System/Library/Frameworks/Accelerate.framework/Versions/A/Frameworks/vecLib.framework/Versions/A/libvMisc.dylib
0x00007fff498e5000 	/System/Library/Frameworks/Accelerate.framework/Versions/A/Frameworks/vecLib.framework/Versions/A/libvDSP.dylib
0x00007fff491a1000 	/System/Library/Frameworks/Accelerate.framework/Versions/A/Frameworks/vecLib.framework/Versions/A/libBLAS.dylib
0x00007fff4948e000 	/System/Library/Frameworks/Accelerate.framework/Versions/A/Frameworks/vecLib.framework/Versions/A/libLAPACK.dylib
0x00007fff49838000 	/System/Library/Frameworks/Accelerate.framework/Versions/A/Frameworks/vecLib.framework/Versions/A/libLinearAlgebra.dylib
0x00007fff498d1000 	/System/Library/Frameworks/Accelerate.framework/Versions/A/Frameworks/vecLib.framework/Versions/A/libSparseBLAS.dylib
0x00007fff4984e000 	/System/Library/Frameworks/Accelerate.framework/Versions/A/Frameworks/vecLib.framework/Versions/A/libQuadrature.dylib
0x00007fff4941b000 	/System/Library/Frameworks/Accelerate.framework/Versions/A/Frameworks/vecLib.framework/Versions/A/libBNNS.dylib
0x00007fff49854000 	/System/Library/Frameworks/Accelerate.framework/Versions/A/Frameworks/vecLib.framework/Versions/A/libSparse.dylib
0x00007fff67756000 	/System/Library/PrivateFrameworks/GPUWrangler.framework/Versions/A/GPUWrangler
0x00007fff69a28000 	/System/Library/PrivateFrameworks/IOAccelerator.framework/Versions/A/IOAccelerator
0x00007fff69a33000 	/System/Library/PrivateFrameworks/IOPresentment.framework/Versions/A/IOPresentment
0x00007fff611ea000 	/System/Library/PrivateFrameworks/DSExternalDisplay.framework/Versions/A/DSExternalDisplay
0x00007fff55767000 	/System/Library/Frameworks/OpenGL.framework/Versions/A/Libraries/libCoreFSCache.dylib
0x00007fff512e7000 	/System/Library/Frameworks/MetalPerformanceShaders.framework/Frameworks/MPSCore.framework/Versions/A/MPSCore
0x00007fff51307000 	/System/Library/Frameworks/MetalPerformanceShaders.framework/Frameworks/MPSImage.framework/Versions/A/MPSImage
0x00007fff513ac000 	/System/Library/Frameworks/MetalPerformanceShaders.framework/Frameworks/MPSNeuralNetwork.framework/Versions/A/MPSNeuralNetwork
0x00007fff51384000 	/System/Library/Frameworks/MetalPerformanceShaders.framework/Frameworks/MPSMatrix.framework/Versions/A/MPSMatrix
0x00007fff514d8000 	/System/Library/Frameworks/MetalPerformanceShaders.framework/Frameworks/MPSRayIntersector.framework/Versions/A/MPSRayIntersector
0x00007fff6af23000 	/System/Library/PrivateFrameworks/MetalTools.framework/Versions/A/MetalTools
0x00007fff5c0aa000 	/System/Library/PrivateFrameworks/AggregateDictionary.framework/Versions/A/AggregateDictionary
0x00007fff7548c000 	/usr/lib/libMobileGestalt.dylib
0x00007fff4e40e000 	/System/Library/Frameworks/CoreVideo.framework/Versions/A/CoreVideo
0x00007fff68566000 	/System/Library/PrivateFrameworks/GraphVisualizer.framework/Versions/A/GraphVisualizer
0x00007fff623e6000 	/System/Library/PrivateFrameworks/FaceCore.framework/Versions/A/FaceCore
0x00007fff54d95000 	/System/Library/Frameworks/OpenCL.framework/Versions/A/OpenCL
0x00007fff751e4000 	/usr/lib/libFosl_dynamic.dylib
0x00007fff6bcf4000 	/System/Library/PrivateFrameworks/OTSVG.framework/Versions/A/OTSVG
0x00007fff4ac2f000 	/System/Library/Frameworks/ApplicationServices.framework/Versions/A/Frameworks/ATS.framework/Versions/A/Resources/libFontParser.dylib
0x00007fff4ad47000 	/System/Library/Frameworks/ApplicationServices.framework/Versions/A/Frameworks/ATS.framework/Versions/A/Resources/libFontRegistry.dylib
0x00007fff4f318000 	/System/Library/Frameworks/ImageIO.framework/Versions/A/Resources/libJPEG.dylib
0x00007fff4f62a000 	/System/Library/Frameworks/ImageIO.framework/Versions/A/Resources/libTIFF.dylib
0x00007fff4f600000 	/System/Library/Frameworks/ImageIO.framework/Versions/A/Resources/libPng.dylib
0x00007fff4f236000 	/System/Library/Frameworks/ImageIO.framework/Versions/A/Resources/libGIF.dylib
0x00007fff4f23b000 	/System/Library/Frameworks/ImageIO.framework/Versions/A/Resources/libJP2.dylib
0x00007fff4f627000 	/System/Library/Frameworks/ImageIO.framework/Versions/A/Resources/libRadiance.dylib
0x00007fff5c954000 	/System/Library/PrivateFrameworks/AppleJPEG.framework/Versions/A/AppleJPEG
0x00007fff55772000 	/System/Library/Frameworks/OpenGL.framework/Versions/A/Libraries/libGFXShared.dylib
0x00007fff55935000 	/System/Library/Frameworks/OpenGL.framework/Versions/A/Libraries/libGLU.dylib
0x00007fff5577b000 	/System/Library/Frameworks/OpenGL.framework/Versions/A/Libraries/libGL.dylib
0x00007fff55787000 	/System/Library/Frameworks/OpenGL.framework/Versions/A/Libraries/libGLImage.dylib
0x00007fff55764000 	/System/Library/Frameworks/OpenGL.framework/Versions/A/Libraries/libCVMSPluginSupport.dylib
0x00007fff5576d000 	/System/Library/Frameworks/OpenGL.framework/Versions/A/Libraries/libCoreVMClient.dylib
0x00007fff75ffb000 	/usr/lib/libcups.2.dylib
0x00007fff507ee000 	/System/Library/Frameworks/Kerberos.framework/Versions/A/Kerberos
0x00007fff4ed1b000 	/System/Library/Frameworks/GSS.framework/Versions/A/GSS
0x00007fff7770e000 	/usr/lib/libresolv.9.dylib
0x00007fff761ed000 	/usr/lib/libiconv.2.dylib
0x00007fff686c5000 	/System/Library/PrivateFrameworks/Heimdal.framework/Versions/A/Heimdal
0x00007fff761bd000 	/usr/lib/libheimdal-asn1.dylib
0x00007fff54e09000 	/System/Library/Frameworks/OpenDirectory.framework/Versions/A/OpenDirectory
0x00007fff5f179000 	/System/Library/PrivateFrameworks/CommonAuth.framework/Versions/A/CommonAuth
0x00007fff54ded000 	/System/Library/Frameworks/OpenDirectory.framework/Versions/A/Frameworks/CFOpenDirectory.framework/Versions/A/CFOpenDirectory
0x00007fff57ead000 	/System/Library/Frameworks/SecurityFoundation.framework/Versions/A/SecurityFoundation
0x00007fff5b5f3000 	/System/Library/PrivateFrameworks/APFS.framework/Versions/A/APFS
0x00007fff77b6f000 	/usr/lib/libutil.dylib
0x00007fff75898000 	/usr/lib/libcharset.1.dylib
0x00007fff5cbf1000 	/System/Library/PrivateFrameworks/AppleSauce.framework/Versions/A/AppleSauce
0x00007fff5cd72000 	/System/Library/PrivateFrameworks/AssertionServices.framework/Versions/A/AssertionServices
0x00007fff5d4a2000 	/System/Library/PrivateFrameworks/BaseBoard.framework/Versions/A/BaseBoard
0x00007fff765be000 	/usr/lib/libmecab.1.0.0.dylib
0x00007fff761b7000 	/usr/lib/libgermantok.dylib
0x00007fff75668000 	/usr/lib/libThaiTokenizer.dylib
0x00007fff75114000 	/usr/lib/libChineseTokenizer.dylib
0x00007fff6a0e1000 	/System/Library/PrivateFrameworks/LanguageModeling.framework/Versions/A/LanguageModeling
0x00007fff5fe5a000 	/System/Library/PrivateFrameworks/CoreEmoji.framework/Versions/A/CoreEmoji
0x00007fff6a1bd000 	/System/Library/PrivateFrameworks/Lexicon.framework/Versions/A/Lexicon
0x00007fff6a200000 	/System/Library/PrivateFrameworks/LinguisticData.framework/Versions/A/LinguisticData
0x00007fff75899000 	/usr/lib/libcmph.dylib
0x00007fff57f6b000 	/System/Library/Frameworks/ServiceManagement.framework/Versions/A/ServiceManagement
0x00007fff5d403000 	/System/Library/PrivateFrameworks/BackgroundTaskManagement.framework/Versions/A/BackgroundTaskManagement
0x00007fff77c68000 	/usr/lib/libxslt.1.dylib
0x00007fff4bc9a000 	/System/Library/Frameworks/Carbon.framework/Versions/A/Frameworks/Ink.framework/Versions/A/Ink
0x00007fff731a6000 	/System/Library/PrivateFrameworks/TextureIO.framework/Versions/A/TextureIO
0x00007fff756bc000 	/usr/lib/libate.dylib
0x00007fff61139000 	/System/Library/PrivateFrameworks/CrashReporterSupport.framework/Versions/A/CrashReporterSupport
0x00007fff708e5000 	/System/Library/PrivateFrameworks/Sharing.framework/Versions/A/Sharing
0x00007fff5d155000 	/System/Library/PrivateFrameworks/AuthKit.framework/Versions/A/AuthKit
0x00007fff5c6a9000 	/System/Library/PrivateFrameworks/Apple80211.framework/Versions/A/Apple80211
0x00007fff60ee3000 	/System/Library/PrivateFrameworks/CoreUtils.framework/Versions/A/CoreUtils
0x00007fff4e44e000 	/System/Library/Frameworks/CoreWLAN.framework/Versions/A/CoreWLAN
0x00007fff4ee4a000 	/System/Library/Frameworks/IOBluetooth.framework/Versions/A/IOBluetooth
0x00007fff6ed69000 	/System/Library/PrivateFrameworks/ProtocolBuffer.framework/Versions/A/ProtocolBuffer
0x00007fff6b17f000 	/System/Library/PrivateFrameworks/MobileKeyBag.framework/Versions/A/MobileKeyBag
0x00007fff60727000 	/System/Library/PrivateFrameworks/CorePhoneNumbers.framework/Versions/A/CorePhoneNumbers
0x00007fff5c908000 	/System/Library/PrivateFrameworks/AppleIDAuthSupport.framework/Versions/A/AppleIDAuthSupport
0x00007fff6a0b4000 	/System/Library/PrivateFrameworks/KeychainCircle.framework/Versions/A/KeychainCircle
0x00007fff6ef1f000 	/System/Library/PrivateFrameworks/ROCKit.framework/Versions/A/ROCKit
0x00007fff610d5000 	/System/Library/PrivateFrameworks/CoreWiFi.framework/Versions/A/CoreWiFi
0x00007fff4c1e5000 	/System/Library/Frameworks/CoreBluetooth.framework/Versions/A/CoreBluetooth
0x00007fff61330000 	/System/Library/PrivateFrameworks/DebugSymbols.framework/Versions/A/DebugSymbols
0x00007fff60ca3000 	/System/Library/PrivateFrameworks/CoreSymbolication.framework/Versions/A/CoreSymbolication
0x00007fff729c1000 	/System/Library/PrivateFrameworks/Symbolication.framework/Versions/A/Symbolication
0x00007fff72264000 	/System/Library/PrivateFrameworks/SpeechRecognitionCore.framework/Versions/A/SpeechRecognitionCore
0x0000000110800000 	/Library/Java/JavaVirtualMachines/adoptopenjdk-8.jdk/Contents/Home/jre/lib/server/libjvm.dylib
0x00007fff77a4a000 	/usr/lib/libstdc++.6.dylib
0x000000010df3a000 	/Library/Java/JavaVirtualMachines/adoptopenjdk-8.jdk/Contents/Home/jre/lib/libverify.dylib
0x000000010df49000 	/Library/Java/JavaVirtualMachines/adoptopenjdk-8.jdk/Contents/Home/jre/lib/libjava.dylib
0x000000010dfcb000 	/Library/Java/JavaVirtualMachines/adoptopenjdk-8.jdk/Contents/Home/jre/lib/libzip.dylib
0x00000001133f3000 	/Library/Java/JavaVirtualMachines/adoptopenjdk-8.jdk/Contents/Home/jre/lib/libnet.dylib
0x0000000113438000 	/Library/Java/JavaVirtualMachines/adoptopenjdk-8.jdk/Contents/Home/jre/lib/libnio.dylib
0x000000011344a000 	/Volumes/Dev/quackfill/quack/quack-jni/build/lib/main/debug/libquack-jni.dylib

VM Arguments:
jvm_args: -Djava.security.manager=worker.org.gradle.process.internal.worker.child.BootstrapSecurityManager -Dorg.gradle.native=false -Xmx512m -Dfile.encoding=UTF-8 -Duser.country=US -Duser.language=en -Duser.variant -ea 
java_command: worker.org.gradle.process.internal.worker.GradleWorkerMain 'Gradle Test Executor 6'
java_class_path (initial): /Users/koush/.gradle/caches/5.2.1/workerMain/gradle-worker.jar
Launcher Type: SUN_STANDARD

Environment Variables:
JAVA_HOME=/Library/Java/JavaVirtualMachines/jdk1.8.0_111.jdk/Contents/Home/
PATH=/Users/koush/.sdkman/candidates/kotlin/current/bin:/Volumes/Dev/google-cloud-sdk/bin:/Users/koush/local/bin:/Users/koush/bin:/usr/local/bin:/Volumes/Dev/android-sdk/platform-tools:/Volumes/Dev/android-sdk/tools:/usr/local/bin:/usr/bin:/bin:/usr/sbin:/sbin:/Applications/VMware Fusion.app/Contents/Public:/opt/X11/bin:/Applications/Wireshark.app/Contents/MacOS:/Users/koush/.ec2/bin
SHELL=/bin/bash
DISPLAY=/private/tmp/com.apple.launchd.45uw0AspHH/org.macosforge.xquartz:0

Signal Handlers:
SIGSEGV: [libjvm.dylib+0x585433], sa_mask[0]=11111111011111110111111111111111, sa_flags=SA_ONSTACK|SA_RESTART|SA_SIGINFO
SIGBUS: [libjvm.dylib+0x585433], sa_mask[0]=11111111011111110111111111111111, sa_flags=SA_RESTART|SA_SIGINFO
SIGFPE: [libjvm.dylib+0x45e83c], sa_mask[0]=11111111011111110111111111111111, sa_flags=SA_RESTART|SA_SIGINFO
SIGPIPE: [libjvm.dylib+0x45e83c], sa_mask[0]=11111111011111110111111111111111, sa_flags=SA_RESTART|SA_SIGINFO
SIGXFSZ: [libjvm.dylib+0x45e83c], sa_mask[0]=11111111011111110111111111111111, sa_flags=SA_RESTART|SA_SIGINFO
SIGILL: [libjvm.dylib+0x45e83c], sa_mask[0]=11111111011111110111111111111111, sa_flags=SA_RESTART|SA_SIGINFO
SIGUSR1: SIG_DFL, sa_mask[0]=00000000000000000000000000000000, sa_flags=none
SIGUSR2: [libjvm.dylib+0x45e35a], sa_mask[0]=00100000000000000000000000000000, sa_flags=SA_RESTART|SA_SIGINFO
SIGHUP: [libjvm.dylib+0x45c8e5], sa_mask[0]=11111111011111110111111111111111, sa_flags=SA_RESTART|SA_SIGINFO
SIGINT: [libjvm.dylib+0x45c8e5], sa_mask[0]=11111111011111110111111111111111, sa_flags=SA_RESTART|SA_SIGINFO
SIGTERM: [libjvm.dylib+0x45c8e5], sa_mask[0]=11111111011111110111111111111111, sa_flags=SA_RESTART|SA_SIGINFO
SIGQUIT: [libjvm.dylib+0x45c8e5], sa_mask[0]=11111111011111110111111111111111, sa_flags=SA_RESTART|SA_SIGINFO


---------------  S Y S T E M  ---------------

OS:Bsduname:Darwin 18.6.0 Darwin Kernel Version 18.6.0: Thu Apr 25 23:16:27 PDT 2019; root:xnu-4903.261.4~2/RELEASE_X86_64 x86_64
rlimit: STACK 8192k, CORE 0k, NPROC 5674, NOFILE 10240, AS infinity
load average:4.07 4.15 3.78

CPU:total 20 (initial active 20) (10 cores per cpu, 2 threads per core) family 6 model 79 stepping 1, cmov, cx8, fxsr, mmx, sse, sse2, sse3, ssse3, sse4.1, sse4.2, popcnt, avx, avx2, aes, clmul, erms, rtm, 3dnowpref, lzcnt, ht, tsc, tscinvbit, bmi1, bmi2, adx

Memory: 4k page, physical 134217728k(1681220k free)

/proc/meminfo:


vm_info: OpenJDK 64-Bit Server VM (25.212-b04) for bsd-amd64 JRE (1.8.0_212-b04), built on Jun  3 2019 14:11:44 by "jenkins" with gcc 4.2.1 (Based on Apple Inc. build 5658) (LLVM build 2336.11.00)

time: Thu Jan  9 11:07:45 2020
timezone: PST
elapsed time: 1 seconds (0d 0h 0m 1s)

